{
  "RSpec": {
    "coverage": {
      "/Users/dylanrhodius/Documents/MA/tech-test-week/bank-test/spec/bank_spec.rb": [
        1,
        null,
        1,
        9,
        null,
        1,
        1,
        null,
        null,
        1,
        1,
        null,
        null,
        1,
        1,
        4,
        null,
        null,
        1,
        1,
        2,
        null,
        null,
        1,
        1,
        1,
        null,
        null,
        null,
        1,
        1,
        1,
        4,
        null,
        null,
        1,
        1,
        2,
        null,
        null,
        1,
        1,
        1,
        1,
        null,
        null,
        null,
        null,
        null,
        null,
        null,
        null
      ],
      "/Users/dylanrhodius/Documents/MA/tech-test-week/bank-test/lib/bank.rb": [
        1,
        1,
        1,
        null,
        1,
        null,
        1,
        null,
        1,
        null,
        null,
        1,
        8,
        8,
        8,
        null,
        null,
        1,
        5,
        4,
        4,
        null,
        null,
        1,
        3,
        2,
        2,
        null,
        null,
        1,
        0,
        null,
        null,
        null
      ],
      "/Users/dylanrhodius/Documents/MA/tech-test-week/bank-test/lib/transaction_history.rb": [
        1,
        null,
        1,
        null,
        1,
        9,
        null,
        null
      ],
      "/Users/dylanrhodius/Documents/MA/tech-test-week/bank-test/lib/transaction.rb": [
        1,
        null,
        1,
        null,
        1,
        10,
        null,
        null,
        null,
        null,
        null
      ],
      "/Users/dylanrhodius/Documents/MA/tech-test-week/bank-test/lib/statement_printer.rb": [
        1,
        null,
        1,
        5,
        1,
        5,
        null,
        null,
        null,
        null
      ],
      "/Users/dylanrhodius/Documents/MA/tech-test-week/bank-test/spec/statement_printer_spec.rb": [
        1,
        null,
        1,
        2,
        2,
        null,
        1,
        1,
        2,
        null,
        null,
        null
      ],
      "/Users/dylanrhodius/Documents/MA/tech-test-week/bank-test/spec/transaction_history_spec.rb": [
        1,
        null,
        1,
        2,
        null,
        1,
        1,
        null,
        null,
        null
      ],
      "/Users/dylanrhodius/Documents/MA/tech-test-week/bank-test/spec/transaction_spec.rb": [
        1,
        null,
        1,
        5,
        null,
        1,
        1,
        1,
        null,
        1,
        1,
        null,
        1,
        1,
        null,
        1,
        1,
        null,
        null,
        null,
        null
      ]
    },
    "timestamp": 1488893027
  }
}
